{
  "stats": {
    "suites": 8,
    "tests": 12,
    "passes": 12,
    "pending": 0,
    "failures": 0,
    "start": "2025-07-26T23:53:33.881Z",
    "end": "2025-07-26T23:53:47.456Z",
    "duration": 13575,
    "testsRegistered": 12,
    "passPercent": 100,
    "pendingPercent": 0,
    "other": 0,
    "hasOther": false,
    "skipped": 0,
    "hasSkipped": false
  },
  "results": [
    {
      "uuid": "06074051-92bf-4fe5-8c60-192e66578d34",
      "title": "",
      "fullFile": "cypress/e2e/login/login.cy.js",
      "file": "cypress/e2e/login/login.cy.js",
      "beforeHooks": [],
      "afterHooks": [],
      "tests": [],
      "suites": [
        {
          "uuid": "3c847a99-28d1-4d1c-aee6-b136caf2825e",
          "title": "Login Page",
          "fullFile": "",
          "file": "",
          "beforeHooks": [],
          "afterHooks": [],
          "tests": [],
          "suites": [
            {
              "uuid": "493a11cd-1e58-44c8-85a1-30c112179315",
              "title": "Page Load",
              "fullFile": "",
              "file": "",
              "beforeHooks": [],
              "afterHooks": [],
              "tests": [
                {
                  "title": "should load login page correctly",
                  "fullTitle": "Login Page Page Load should load login page correctly",
                  "timedOut": null,
                  "duration": 885,
                  "state": "passed",
                  "speed": "fast",
                  "pass": true,
                  "fail": false,
                  "pending": false,
                  "context": null,
                  "code": "loginPage.shouldBeOnLoginPage().shouldShowDemoCredentials().shouldHaveProperLabels().shouldRequireEmail().shouldRequirePassword().shouldHaveEmailType().shouldHavePasswordType();",
                  "err": {},
                  "uuid": "28585121-86e1-425a-9e16-3951089de70a",
                  "parentUUID": "493a11cd-1e58-44c8-85a1-30c112179315",
                  "isHook": false,
                  "skipped": false
                },
                {
                  "title": "should have proper form structure",
                  "fullTitle": "Login Page Page Load should have proper form structure",
                  "timedOut": null,
                  "duration": 171,
                  "state": "passed",
                  "speed": "fast",
                  "pass": true,
                  "fail": false,
                  "pending": false,
                  "context": null,
                  "code": "loginPage.elements.loginForm().should('exist');\nloginPage.elements.emailInput().should('be.visible');\nloginPage.elements.passwordInput().should('be.visible');\nloginPage.elements.loginButton().should('be.visible');",
                  "err": {},
                  "uuid": "a3c7f5ad-dc31-4185-adac-8116cdeb8814",
                  "parentUUID": "493a11cd-1e58-44c8-85a1-30c112179315",
                  "isHook": false,
                  "skipped": false
                }
              ],
              "suites": [],
              "passes": [
                "28585121-86e1-425a-9e16-3951089de70a",
                "a3c7f5ad-dc31-4185-adac-8116cdeb8814"
              ],
              "failures": [],
              "pending": [],
              "skipped": [],
              "duration": 1056,
              "root": false,
              "rootEmpty": false,
              "_timeout": 2000
            },
            {
              "uuid": "fd687bc5-68c6-4788-9cd5-2f44453b3a9b",
              "title": "Valid Login",
              "fullFile": "",
              "file": "",
              "beforeHooks": [],
              "afterHooks": [],
              "tests": [
                {
                  "title": "should login with valid credentials",
                  "fullTitle": "Login Page Valid Login should login with valid credentials",
                  "timedOut": null,
                  "duration": 1139,
                  "state": "passed",
                  "speed": "fast",
                  "pass": true,
                  "fail": false,
                  "pending": false,
                  "context": null,
                  "code": "loginPage.interceptLoginRequest().login(_loginData.loginData.validUser.email, _loginData.loginData.validUser.password).waitForLoginRequest().shouldBeLoggedIn().shouldNotShowError();",
                  "err": {},
                  "uuid": "cad91606-ddca-4d4b-a6c7-e73c0d00e1d0",
                  "parentUUID": "fd687bc5-68c6-4788-9cd5-2f44453b3a9b",
                  "isHook": false,
                  "skipped": false
                },
                {
                  "title": "should redirect to dashboard after successful login",
                  "fullTitle": "Login Page Valid Login should redirect to dashboard after successful login",
                  "timedOut": null,
                  "duration": 1036,
                  "state": "passed",
                  "speed": "fast",
                  "pass": true,
                  "fail": false,
                  "pending": false,
                  "context": null,
                  "code": "loginPage.login(_loginData.loginData.validUser.email, _loginData.loginData.validUser.password).shouldBeLoggedIn();\n// Verify dashboard elements are visible\ncy.contains('h1', 'Todo Manager').should('be.visible');\ncy.contains('button', 'Logout').should('be.visible');\ncy.contains('button', 'Add New Todo').should('be.visible');",
                  "err": {},
                  "uuid": "9e67334d-ffe8-4739-b6ea-949ba5cb6c21",
                  "parentUUID": "fd687bc5-68c6-4788-9cd5-2f44453b3a9b",
                  "isHook": false,
                  "skipped": false
                },
                {
                  "title": "should show welcome message with user name",
                  "fullTitle": "Login Page Valid Login should show welcome message with user name",
                  "timedOut": null,
                  "duration": 1199,
                  "state": "passed",
                  "speed": "fast",
                  "pass": true,
                  "fail": false,
                  "pending": false,
                  "context": null,
                  "code": "loginPage.login(_loginData.loginData.validUser.email, _loginData.loginData.validUser.password).shouldBeLoggedIn();\ncy.get('[data-testid=\"user-welcome\"]').should('contain', _loginData.loginData.validUser.name);",
                  "err": {},
                  "uuid": "eb259608-0450-46e6-a374-16de4acc9d39",
                  "parentUUID": "fd687bc5-68c6-4788-9cd5-2f44453b3a9b",
                  "isHook": false,
                  "skipped": false
                }
              ],
              "suites": [],
              "passes": [
                "cad91606-ddca-4d4b-a6c7-e73c0d00e1d0",
                "9e67334d-ffe8-4739-b6ea-949ba5cb6c21",
                "eb259608-0450-46e6-a374-16de4acc9d39"
              ],
              "failures": [],
              "pending": [],
              "skipped": [],
              "duration": 3374,
              "root": false,
              "rootEmpty": false,
              "_timeout": 2000
            },
            {
              "uuid": "61c62858-0194-45cb-8b94-a75f7f1bd2b8",
              "title": "Invalid Login",
              "fullFile": "",
              "file": "",
              "beforeHooks": [],
              "afterHooks": [],
              "tests": [
                {
                  "title": "should show error for Invalid email",
                  "fullTitle": "Login Page Invalid Login should show error for Invalid email",
                  "timedOut": null,
                  "duration": 1150,
                  "state": "passed",
                  "speed": "fast",
                  "pass": true,
                  "fail": false,
                  "pending": false,
                  "context": null,
                  "code": "loginPage.interceptLoginRequest().login(credential.email, credential.password);\ncy.contains('h1', 'Todo Manager').should('not.exist');\ncy.contains('button', 'Logout').should('not.exist');\ncy.contains('button', 'Add New Todo').should('not.exist');",
                  "err": {},
                  "uuid": "dc4b6fe7-d1b5-45eb-9442-5f0dda0f05cf",
                  "parentUUID": "61c62858-0194-45cb-8b94-a75f7f1bd2b8",
                  "isHook": false,
                  "skipped": false
                }
              ],
              "suites": [],
              "passes": [
                "dc4b6fe7-d1b5-45eb-9442-5f0dda0f05cf"
              ],
              "failures": [],
              "pending": [],
              "skipped": [],
              "duration": 1150,
              "root": false,
              "rootEmpty": false,
              "_timeout": 2000
            },
            {
              "uuid": "e1697b6a-e20e-4386-858b-f3eb7cdb64bc",
              "title": "Form Validation",
              "fullFile": "",
              "file": "",
              "beforeHooks": [],
              "afterHooks": [],
              "tests": [
                {
                  "title": "should enable login button when form has data",
                  "fullTitle": "Login Page Form Validation should enable login button when form has data",
                  "timedOut": null,
                  "duration": 933,
                  "state": "passed",
                  "speed": "fast",
                  "pass": true,
                  "fail": false,
                  "pending": false,
                  "context": null,
                  "code": "loginPage.typeEmail(_loginData.loginData.validUser.email).typePassword(_loginData.loginData.validUser.password).shouldHaveEnabledLoginButton();",
                  "err": {},
                  "uuid": "825bb7f6-865a-489c-b724-bd57940c1949",
                  "parentUUID": "e1697b6a-e20e-4386-858b-f3eb7cdb64bc",
                  "isHook": false,
                  "skipped": false
                },
                {
                  "title": "should enable login button when form has data",
                  "fullTitle": "Login Page Form Validation should enable login button when form has data",
                  "timedOut": null,
                  "duration": 924,
                  "state": "passed",
                  "speed": "fast",
                  "pass": true,
                  "fail": false,
                  "pending": false,
                  "context": null,
                  "code": "loginPage.typeEmail(_loginData.loginData.validUser.email).typePassword(_loginData.loginData.validUser.password).shouldHaveEnabledLoginButton();",
                  "err": {},
                  "uuid": "e61a2183-6c8c-412d-94c5-1ccc284f08ec",
                  "parentUUID": "e1697b6a-e20e-4386-858b-f3eb7cdb64bc",
                  "isHook": false,
                  "skipped": false
                },
                {
                  "title": "should enable login button when form has data",
                  "fullTitle": "Login Page Form Validation should enable login button when form has data",
                  "timedOut": null,
                  "duration": 865,
                  "state": "passed",
                  "speed": "fast",
                  "pass": true,
                  "fail": false,
                  "pending": false,
                  "context": null,
                  "code": "loginPage.typeEmail(_loginData.loginData.validUser.email).typePassword(_loginData.loginData.validUser.password).shouldHaveEnabledLoginButton();",
                  "err": {},
                  "uuid": "1b32e3c4-1e7a-430d-ae9b-afb50b3388b0",
                  "parentUUID": "e1697b6a-e20e-4386-858b-f3eb7cdb64bc",
                  "isHook": false,
                  "skipped": false
                }
              ],
              "suites": [],
              "passes": [
                "825bb7f6-865a-489c-b724-bd57940c1949",
                "e61a2183-6c8c-412d-94c5-1ccc284f08ec",
                "1b32e3c4-1e7a-430d-ae9b-afb50b3388b0"
              ],
              "failures": [],
              "pending": [],
              "skipped": [],
              "duration": 2722,
              "root": false,
              "rootEmpty": false,
              "_timeout": 2000
            },
            {
              "uuid": "fb8ffbf1-e574-436b-968a-e772431d3349",
              "title": "User Experience",
              "fullFile": "",
              "file": "",
              "beforeHooks": [],
              "afterHooks": [],
              "tests": [
                {
                  "title": "should allow form submission with Enter key",
                  "fullTitle": "Login Page User Experience should allow form submission with Enter key",
                  "timedOut": null,
                  "duration": 974,
                  "state": "passed",
                  "speed": "fast",
                  "pass": true,
                  "fail": false,
                  "pending": false,
                  "context": null,
                  "code": "loginPage.typeEmail(_loginData.loginData.validUser.email).typePassword(_loginData.loginData.validUser.password).submitForm().shouldBeLoggedIn();",
                  "err": {},
                  "uuid": "a364087b-d8e2-4383-821d-9245748589ce",
                  "parentUUID": "fb8ffbf1-e574-436b-968a-e772431d3349",
                  "isHook": false,
                  "skipped": false
                }
              ],
              "suites": [],
              "passes": [
                "a364087b-d8e2-4383-821d-9245748589ce"
              ],
              "failures": [],
              "pending": [],
              "skipped": [],
              "duration": 974,
              "root": false,
              "rootEmpty": false,
              "_timeout": 2000
            },
            {
              "uuid": "837ded89-5183-4a97-8180-4b194c71cc85",
              "title": "Security",
              "fullFile": "",
              "file": "",
              "beforeHooks": [],
              "afterHooks": [],
              "tests": [
                {
                  "title": "should not expose password in URL or page source",
                  "fullTitle": "Login Page Security should not expose password in URL or page source",
                  "timedOut": null,
                  "duration": 696,
                  "state": "passed",
                  "speed": "fast",
                  "pass": true,
                  "fail": false,
                  "pending": false,
                  "context": null,
                  "code": "loginPage.typePassword('secretpassword').clickLogin();\ncy.url().should('not.contain', 'secretpassword');\ncy.get('body').should('not.contain', 'secretpassword');",
                  "err": {},
                  "uuid": "8e8ccde4-3a95-4b7c-ad41-79ce47e878b7",
                  "parentUUID": "837ded89-5183-4a97-8180-4b194c71cc85",
                  "isHook": false,
                  "skipped": false
                }
              ],
              "suites": [],
              "passes": [
                "8e8ccde4-3a95-4b7c-ad41-79ce47e878b7"
              ],
              "failures": [],
              "pending": [],
              "skipped": [],
              "duration": 696,
              "root": false,
              "rootEmpty": false,
              "_timeout": 2000
            },
            {
              "uuid": "4cb6d79a-941d-4917-ac29-e7552b933932",
              "title": "Cross-browser Compatibility",
              "fullFile": "",
              "file": "",
              "beforeHooks": [],
              "afterHooks": [],
              "tests": [
                {
                  "title": "should work with different viewport sizes",
                  "fullTitle": "Login Page Cross-browser Compatibility should work with different viewport sizes",
                  "timedOut": null,
                  "duration": 2978,
                  "state": "passed",
                  "speed": "fast",
                  "pass": true,
                  "fail": false,
                  "pending": false,
                  "context": null,
                  "code": "// Test mobile viewport\ncy.viewport(375, 667);\nloginPage.shouldBeOnLoginPage().login(_loginData.loginData.validUser.email, _loginData.loginData.validUser.password).shouldBeLoggedIn();\n// Test tablet viewport\ncy.viewport(768, 1024);\nloginPage.visit();\nloginPage.shouldBeOnLoginPage().login(_loginData.loginData.validUser.email, _loginData.loginData.validUser.password).shouldBeLoggedIn();\n// Test desktop viewport\ncy.viewport(1280, 720);\nloginPage.visit();\nloginPage.shouldBeOnLoginPage().login(_loginData.loginData.validUser.email, _loginData.loginData.validUser.password).shouldBeLoggedIn();",
                  "err": {},
                  "uuid": "0776888e-a842-4b55-a7c7-313d532d9305",
                  "parentUUID": "4cb6d79a-941d-4917-ac29-e7552b933932",
                  "isHook": false,
                  "skipped": false
                }
              ],
              "suites": [],
              "passes": [
                "0776888e-a842-4b55-a7c7-313d532d9305"
              ],
              "failures": [],
              "pending": [],
              "skipped": [],
              "duration": 2978,
              "root": false,
              "rootEmpty": false,
              "_timeout": 2000
            }
          ],
          "passes": [],
          "failures": [],
          "pending": [],
          "skipped": [],
          "duration": 0,
          "root": false,
          "rootEmpty": false,
          "_timeout": 2000
        }
      ],
      "passes": [],
      "failures": [],
      "pending": [],
      "skipped": [],
      "duration": 0,
      "root": true,
      "rootEmpty": true,
      "_timeout": 2000
    }
  ],
  "meta": {
    "mocha": {
      "version": "7.0.1"
    },
    "mochawesome": {
      "options": {
        "quiet": false,
        "reportFilename": "mochawesome",
        "saveHtml": false,
        "saveJson": true,
        "consoleReporter": "spec",
        "useInlineDiffs": false,
        "code": true
      },
      "version": "7.1.3"
    },
    "marge": {
      "options": {
        "reportDir": "cypress/reports",
        "overwrite": false,
        "html": false,
        "json": true
      },
      "version": "6.2.0"
    }
  }
}