{
  "stats": {
    "suites": 8,
    "tests": 12,
    "passes": 12,
    "pending": 0,
    "failures": 0,
    "start": "2025-07-27T09:01:47.430Z",
    "end": "2025-07-27T09:02:00.399Z",
    "duration": 12969,
    "testsRegistered": 12,
    "passPercent": 100,
    "pendingPercent": 0,
    "other": 0,
    "hasOther": false,
    "skipped": 0,
    "hasSkipped": false
  },
  "results": [
    {
      "uuid": "f3476581-2277-44b1-a3e7-9d4a8e4c3e45",
      "title": "",
      "fullFile": "cypress/e2e/login/login.cy.js",
      "file": "cypress/e2e/login/login.cy.js",
      "beforeHooks": [],
      "afterHooks": [],
      "tests": [],
      "suites": [
        {
          "uuid": "b37e2917-9ab3-462a-9776-11b304916d66",
          "title": "Login Page",
          "fullFile": "",
          "file": "",
          "beforeHooks": [],
          "afterHooks": [],
          "tests": [],
          "suites": [
            {
              "uuid": "44e8f7cf-0396-4c62-9702-ebbe2d9bdfc3",
              "title": "Page Load",
              "fullFile": "",
              "file": "",
              "beforeHooks": [],
              "afterHooks": [],
              "tests": [
                {
                  "title": "should load login page correctly",
                  "fullTitle": "Login Page Page Load should load login page correctly",
                  "timedOut": null,
                  "duration": 489,
                  "state": "passed",
                  "speed": "fast",
                  "pass": true,
                  "fail": false,
                  "pending": false,
                  "context": null,
                  "code": "loginPage.shouldBeOnLoginPage().shouldShowDemoCredentials().shouldHaveProperLabels().shouldRequireEmail().shouldRequirePassword().shouldHaveEmailType().shouldHavePasswordType();",
                  "err": {},
                  "uuid": "1c31a0c2-f886-4bac-9485-d55640661a47",
                  "parentUUID": "44e8f7cf-0396-4c62-9702-ebbe2d9bdfc3",
                  "isHook": false,
                  "skipped": false
                },
                {
                  "title": "should have proper form structure",
                  "fullTitle": "Login Page Page Load should have proper form structure",
                  "timedOut": null,
                  "duration": 146,
                  "state": "passed",
                  "speed": "fast",
                  "pass": true,
                  "fail": false,
                  "pending": false,
                  "context": null,
                  "code": "loginPage.elements.loginForm().should('exist');\nloginPage.elements.emailInput().should('be.visible');\nloginPage.elements.passwordInput().should('be.visible');\nloginPage.elements.loginButton().should('be.visible');",
                  "err": {},
                  "uuid": "e320f298-4b49-4daf-a890-b1c003de5d58",
                  "parentUUID": "44e8f7cf-0396-4c62-9702-ebbe2d9bdfc3",
                  "isHook": false,
                  "skipped": false
                }
              ],
              "suites": [],
              "passes": [
                "1c31a0c2-f886-4bac-9485-d55640661a47",
                "e320f298-4b49-4daf-a890-b1c003de5d58"
              ],
              "failures": [],
              "pending": [],
              "skipped": [],
              "duration": 635,
              "root": false,
              "rootEmpty": false,
              "_timeout": 2000
            },
            {
              "uuid": "d5c7c899-0442-4252-a66f-073e6085ded7",
              "title": "Valid Login",
              "fullFile": "",
              "file": "",
              "beforeHooks": [],
              "afterHooks": [],
              "tests": [
                {
                  "title": "should login with valid credentials",
                  "fullTitle": "Login Page Valid Login should login with valid credentials",
                  "timedOut": null,
                  "duration": 1093,
                  "state": "passed",
                  "speed": "fast",
                  "pass": true,
                  "fail": false,
                  "pending": false,
                  "context": null,
                  "code": "loginPage.interceptLoginRequest().login(_loginData.loginData.validUser.email, _loginData.loginData.validUser.password).waitForLoginRequest().shouldBeLoggedIn().shouldNotShowError();",
                  "err": {},
                  "uuid": "01a1a9b4-52a1-4f43-a374-6cce98c3fe6d",
                  "parentUUID": "d5c7c899-0442-4252-a66f-073e6085ded7",
                  "isHook": false,
                  "skipped": false
                },
                {
                  "title": "should redirect to dashboard after successful login",
                  "fullTitle": "Login Page Valid Login should redirect to dashboard after successful login",
                  "timedOut": null,
                  "duration": 973,
                  "state": "passed",
                  "speed": "fast",
                  "pass": true,
                  "fail": false,
                  "pending": false,
                  "context": null,
                  "code": "loginPage.login(_loginData.loginData.validUser.email, _loginData.loginData.validUser.password).shouldBeLoggedIn();\n// Verify dashboard elements are visible\ncy.contains('h1', 'Todo Manager').should('be.visible');\ncy.contains('button', 'Logout').should('be.visible');\ncy.contains('button', 'Add New Todo').should('be.visible');",
                  "err": {},
                  "uuid": "34791302-d4f7-445f-a583-35bb1eb0d86c",
                  "parentUUID": "d5c7c899-0442-4252-a66f-073e6085ded7",
                  "isHook": false,
                  "skipped": false
                },
                {
                  "title": "should show welcome message with user name",
                  "fullTitle": "Login Page Valid Login should show welcome message with user name",
                  "timedOut": null,
                  "duration": 968,
                  "state": "passed",
                  "speed": "fast",
                  "pass": true,
                  "fail": false,
                  "pending": false,
                  "context": null,
                  "code": "loginPage.login(_loginData.loginData.validUser.email, _loginData.loginData.validUser.password).shouldBeLoggedIn();\ncy.get('[data-testid=\"user-welcome\"]').should('contain', _loginData.loginData.validUser.name);",
                  "err": {},
                  "uuid": "0fd5b2f2-535e-4c16-885e-b49810425451",
                  "parentUUID": "d5c7c899-0442-4252-a66f-073e6085ded7",
                  "isHook": false,
                  "skipped": false
                }
              ],
              "suites": [],
              "passes": [
                "01a1a9b4-52a1-4f43-a374-6cce98c3fe6d",
                "34791302-d4f7-445f-a583-35bb1eb0d86c",
                "0fd5b2f2-535e-4c16-885e-b49810425451"
              ],
              "failures": [],
              "pending": [],
              "skipped": [],
              "duration": 3034,
              "root": false,
              "rootEmpty": false,
              "_timeout": 2000
            },
            {
              "uuid": "4ffc0bf1-4e1e-425f-b65d-3f67012eed5c",
              "title": "Invalid Login",
              "fullFile": "",
              "file": "",
              "beforeHooks": [],
              "afterHooks": [],
              "tests": [
                {
                  "title": "should show error for Invalid email",
                  "fullTitle": "Login Page Invalid Login should show error for Invalid email",
                  "timedOut": null,
                  "duration": 1050,
                  "state": "passed",
                  "speed": "fast",
                  "pass": true,
                  "fail": false,
                  "pending": false,
                  "context": null,
                  "code": "loginPage.interceptLoginRequest().login(credential.email, credential.password);\ncy.contains('h1', 'Todo Manager').should('not.exist');\ncy.contains('button', 'Logout').should('not.exist');\ncy.contains('button', 'Add New Todo').should('not.exist');",
                  "err": {},
                  "uuid": "efb7be98-c0b6-4ab9-835f-0c8a0fe5fb0c",
                  "parentUUID": "4ffc0bf1-4e1e-425f-b65d-3f67012eed5c",
                  "isHook": false,
                  "skipped": false
                }
              ],
              "suites": [],
              "passes": [
                "efb7be98-c0b6-4ab9-835f-0c8a0fe5fb0c"
              ],
              "failures": [],
              "pending": [],
              "skipped": [],
              "duration": 1050,
              "root": false,
              "rootEmpty": false,
              "_timeout": 2000
            },
            {
              "uuid": "18974c91-e4e4-4aae-90a6-d75cf4cb96c9",
              "title": "Form Validation",
              "fullFile": "",
              "file": "",
              "beforeHooks": [],
              "afterHooks": [],
              "tests": [
                {
                  "title": "should enable login button when form has data",
                  "fullTitle": "Login Page Form Validation should enable login button when form has data",
                  "timedOut": null,
                  "duration": 845,
                  "state": "passed",
                  "speed": "fast",
                  "pass": true,
                  "fail": false,
                  "pending": false,
                  "context": null,
                  "code": "loginPage.typeEmail(_loginData.loginData.validUser.email).typePassword(_loginData.loginData.validUser.password).shouldHaveEnabledLoginButton();",
                  "err": {},
                  "uuid": "3759c317-3548-4e38-83af-f066a209ca14",
                  "parentUUID": "18974c91-e4e4-4aae-90a6-d75cf4cb96c9",
                  "isHook": false,
                  "skipped": false
                },
                {
                  "title": "should enable login button when form has data",
                  "fullTitle": "Login Page Form Validation should enable login button when form has data",
                  "timedOut": null,
                  "duration": 865,
                  "state": "passed",
                  "speed": "fast",
                  "pass": true,
                  "fail": false,
                  "pending": false,
                  "context": null,
                  "code": "loginPage.typeEmail(_loginData.loginData.validUser.email).typePassword(_loginData.loginData.validUser.password).shouldHaveEnabledLoginButton();",
                  "err": {},
                  "uuid": "9fc8366f-c67b-4b05-9337-ccf367a756f6",
                  "parentUUID": "18974c91-e4e4-4aae-90a6-d75cf4cb96c9",
                  "isHook": false,
                  "skipped": false
                },
                {
                  "title": "should enable login button when form has data",
                  "fullTitle": "Login Page Form Validation should enable login button when form has data",
                  "timedOut": null,
                  "duration": 1088,
                  "state": "passed",
                  "speed": "fast",
                  "pass": true,
                  "fail": false,
                  "pending": false,
                  "context": null,
                  "code": "loginPage.typeEmail(_loginData.loginData.validUser.email).typePassword(_loginData.loginData.validUser.password).shouldHaveEnabledLoginButton();",
                  "err": {},
                  "uuid": "947a982b-fa1a-48ab-9c42-b0e9ef00ba31",
                  "parentUUID": "18974c91-e4e4-4aae-90a6-d75cf4cb96c9",
                  "isHook": false,
                  "skipped": false
                }
              ],
              "suites": [],
              "passes": [
                "3759c317-3548-4e38-83af-f066a209ca14",
                "9fc8366f-c67b-4b05-9337-ccf367a756f6",
                "947a982b-fa1a-48ab-9c42-b0e9ef00ba31"
              ],
              "failures": [],
              "pending": [],
              "skipped": [],
              "duration": 2798,
              "root": false,
              "rootEmpty": false,
              "_timeout": 2000
            },
            {
              "uuid": "31def65c-df6e-4f51-8ae4-658629bdf70a",
              "title": "User Experience",
              "fullFile": "",
              "file": "",
              "beforeHooks": [],
              "afterHooks": [],
              "tests": [
                {
                  "title": "should allow form submission with Enter key",
                  "fullTitle": "Login Page User Experience should allow form submission with Enter key",
                  "timedOut": null,
                  "duration": 1129,
                  "state": "passed",
                  "speed": "fast",
                  "pass": true,
                  "fail": false,
                  "pending": false,
                  "context": null,
                  "code": "loginPage.typeEmail(_loginData.loginData.validUser.email).typePassword(_loginData.loginData.validUser.password).submitForm().shouldBeLoggedIn();",
                  "err": {},
                  "uuid": "d48b934f-261f-4a73-9153-3006b763f2d9",
                  "parentUUID": "31def65c-df6e-4f51-8ae4-658629bdf70a",
                  "isHook": false,
                  "skipped": false
                }
              ],
              "suites": [],
              "passes": [
                "d48b934f-261f-4a73-9153-3006b763f2d9"
              ],
              "failures": [],
              "pending": [],
              "skipped": [],
              "duration": 1129,
              "root": false,
              "rootEmpty": false,
              "_timeout": 2000
            },
            {
              "uuid": "29bfff0e-b16e-4adc-bfa3-2db875cc22d1",
              "title": "Security",
              "fullFile": "",
              "file": "",
              "beforeHooks": [],
              "afterHooks": [],
              "tests": [
                {
                  "title": "should not expose password in URL or page source",
                  "fullTitle": "Login Page Security should not expose password in URL or page source",
                  "timedOut": null,
                  "duration": 648,
                  "state": "passed",
                  "speed": "fast",
                  "pass": true,
                  "fail": false,
                  "pending": false,
                  "context": null,
                  "code": "loginPage.typePassword('secretpassword').clickLogin();\ncy.url().should('not.contain', 'secretpassword');\ncy.get('body').should('not.contain', 'secretpassword');",
                  "err": {},
                  "uuid": "a8e21a0f-799f-407b-aa77-c27b405432e2",
                  "parentUUID": "29bfff0e-b16e-4adc-bfa3-2db875cc22d1",
                  "isHook": false,
                  "skipped": false
                }
              ],
              "suites": [],
              "passes": [
                "a8e21a0f-799f-407b-aa77-c27b405432e2"
              ],
              "failures": [],
              "pending": [],
              "skipped": [],
              "duration": 648,
              "root": false,
              "rootEmpty": false,
              "_timeout": 2000
            },
            {
              "uuid": "3a608354-e7de-4dc3-baf3-7cf92f99aa19",
              "title": "Cross-browser Compatibility",
              "fullFile": "",
              "file": "",
              "beforeHooks": [],
              "afterHooks": [],
              "tests": [
                {
                  "title": "should work with different viewport sizes",
                  "fullTitle": "Login Page Cross-browser Compatibility should work with different viewport sizes",
                  "timedOut": null,
                  "duration": 3040,
                  "state": "passed",
                  "speed": "fast",
                  "pass": true,
                  "fail": false,
                  "pending": false,
                  "context": null,
                  "code": "// Test mobile viewport\ncy.viewport(375, 667);\nloginPage.shouldBeOnLoginPage().login(_loginData.loginData.validUser.email, _loginData.loginData.validUser.password).shouldBeLoggedIn();\n// Test tablet viewport\ncy.viewport(768, 1024);\nloginPage.visit();\nloginPage.shouldBeOnLoginPage().login(_loginData.loginData.validUser.email, _loginData.loginData.validUser.password).shouldBeLoggedIn();\n// Test desktop viewport\ncy.viewport(1280, 720);\nloginPage.visit();\nloginPage.shouldBeOnLoginPage().login(_loginData.loginData.validUser.email, _loginData.loginData.validUser.password).shouldBeLoggedIn();",
                  "err": {},
                  "uuid": "566541f5-f58e-451e-ad74-f5307ff2e7a8",
                  "parentUUID": "3a608354-e7de-4dc3-baf3-7cf92f99aa19",
                  "isHook": false,
                  "skipped": false
                }
              ],
              "suites": [],
              "passes": [
                "566541f5-f58e-451e-ad74-f5307ff2e7a8"
              ],
              "failures": [],
              "pending": [],
              "skipped": [],
              "duration": 3040,
              "root": false,
              "rootEmpty": false,
              "_timeout": 2000
            }
          ],
          "passes": [],
          "failures": [],
          "pending": [],
          "skipped": [],
          "duration": 0,
          "root": false,
          "rootEmpty": false,
          "_timeout": 2000
        }
      ],
      "passes": [],
      "failures": [],
      "pending": [],
      "skipped": [],
      "duration": 0,
      "root": true,
      "rootEmpty": true,
      "_timeout": 2000
    }
  ],
  "meta": {
    "mocha": {
      "version": "7.0.1"
    },
    "mochawesome": {
      "options": {
        "quiet": false,
        "reportFilename": "mochawesome",
        "saveHtml": false,
        "saveJson": true,
        "consoleReporter": "spec",
        "useInlineDiffs": false,
        "code": true
      },
      "version": "7.1.3"
    },
    "marge": {
      "options": {
        "reportDir": "cypress/reports",
        "overwrite": false,
        "html": false,
        "json": true
      },
      "version": "6.2.0"
    }
  }
}