{
  "stats": {
    "suites": 2,
    "tests": 21,
    "passes": 21,
    "pending": 0,
    "failures": 0,
    "testsRegistered": 21,
    "passPercent": 100,
    "pendingPercent": 0,
    "other": 0,
    "hasOther": false,
    "skipped": 0,
    "hasSkipped": false,
    "start": "2025-07-27T09:01:47.430Z",
    "end": "2025-07-27T09:02:32.816Z",
    "duration": 45386
  },
  "results": [
    {
      "uuid": "f3476581-2277-44b1-a3e7-9d4a8e4c3e45",
      "title": "",
      "fullFile": "cypress/e2e/login/login.cy.js",
      "file": "cypress/e2e/login/login.cy.js",
      "beforeHooks": [],
      "afterHooks": [],
      "tests": [],
      "suites": [
        {
          "uuid": "b37e2917-9ab3-462a-9776-11b304916d66",
          "title": "Login Page",
          "fullFile": "",
          "file": "",
          "beforeHooks": [],
          "afterHooks": [],
          "tests": [],
          "suites": [
            {
              "uuid": "44e8f7cf-0396-4c62-9702-ebbe2d9bdfc3",
              "title": "Page Load",
              "fullFile": "",
              "file": "",
              "beforeHooks": [],
              "afterHooks": [],
              "tests": [
                {
                  "title": "should load login page correctly",
                  "fullTitle": "Login Page Page Load should load login page correctly",
                  "timedOut": null,
                  "duration": 489,
                  "state": "passed",
                  "speed": "fast",
                  "pass": true,
                  "fail": false,
                  "pending": false,
                  "context": null,
                  "code": "loginPage.shouldBeOnLoginPage().shouldShowDemoCredentials().shouldHaveProperLabels().shouldRequireEmail().shouldRequirePassword().shouldHaveEmailType().shouldHavePasswordType();",
                  "err": {},
                  "uuid": "1c31a0c2-f886-4bac-9485-d55640661a47",
                  "parentUUID": "44e8f7cf-0396-4c62-9702-ebbe2d9bdfc3",
                  "isHook": false,
                  "skipped": false
                },
                {
                  "title": "should have proper form structure",
                  "fullTitle": "Login Page Page Load should have proper form structure",
                  "timedOut": null,
                  "duration": 146,
                  "state": "passed",
                  "speed": "fast",
                  "pass": true,
                  "fail": false,
                  "pending": false,
                  "context": null,
                  "code": "loginPage.elements.loginForm().should('exist');\nloginPage.elements.emailInput().should('be.visible');\nloginPage.elements.passwordInput().should('be.visible');\nloginPage.elements.loginButton().should('be.visible');",
                  "err": {},
                  "uuid": "e320f298-4b49-4daf-a890-b1c003de5d58",
                  "parentUUID": "44e8f7cf-0396-4c62-9702-ebbe2d9bdfc3",
                  "isHook": false,
                  "skipped": false
                }
              ],
              "suites": [],
              "passes": [
                "1c31a0c2-f886-4bac-9485-d55640661a47",
                "e320f298-4b49-4daf-a890-b1c003de5d58"
              ],
              "failures": [],
              "pending": [],
              "skipped": [],
              "duration": 635,
              "root": false,
              "rootEmpty": false,
              "_timeout": 2000
            },
            {
              "uuid": "d5c7c899-0442-4252-a66f-073e6085ded7",
              "title": "Valid Login",
              "fullFile": "",
              "file": "",
              "beforeHooks": [],
              "afterHooks": [],
              "tests": [
                {
                  "title": "should login with valid credentials",
                  "fullTitle": "Login Page Valid Login should login with valid credentials",
                  "timedOut": null,
                  "duration": 1093,
                  "state": "passed",
                  "speed": "fast",
                  "pass": true,
                  "fail": false,
                  "pending": false,
                  "context": null,
                  "code": "loginPage.interceptLoginRequest().login(_loginData.loginData.validUser.email, _loginData.loginData.validUser.password).waitForLoginRequest().shouldBeLoggedIn().shouldNotShowError();",
                  "err": {},
                  "uuid": "01a1a9b4-52a1-4f43-a374-6cce98c3fe6d",
                  "parentUUID": "d5c7c899-0442-4252-a66f-073e6085ded7",
                  "isHook": false,
                  "skipped": false
                },
                {
                  "title": "should redirect to dashboard after successful login",
                  "fullTitle": "Login Page Valid Login should redirect to dashboard after successful login",
                  "timedOut": null,
                  "duration": 973,
                  "state": "passed",
                  "speed": "fast",
                  "pass": true,
                  "fail": false,
                  "pending": false,
                  "context": null,
                  "code": "loginPage.login(_loginData.loginData.validUser.email, _loginData.loginData.validUser.password).shouldBeLoggedIn();\n// Verify dashboard elements are visible\ncy.contains('h1', 'Todo Manager').should('be.visible');\ncy.contains('button', 'Logout').should('be.visible');\ncy.contains('button', 'Add New Todo').should('be.visible');",
                  "err": {},
                  "uuid": "34791302-d4f7-445f-a583-35bb1eb0d86c",
                  "parentUUID": "d5c7c899-0442-4252-a66f-073e6085ded7",
                  "isHook": false,
                  "skipped": false
                },
                {
                  "title": "should show welcome message with user name",
                  "fullTitle": "Login Page Valid Login should show welcome message with user name",
                  "timedOut": null,
                  "duration": 968,
                  "state": "passed",
                  "speed": "fast",
                  "pass": true,
                  "fail": false,
                  "pending": false,
                  "context": null,
                  "code": "loginPage.login(_loginData.loginData.validUser.email, _loginData.loginData.validUser.password).shouldBeLoggedIn();\ncy.get('[data-testid=\"user-welcome\"]').should('contain', _loginData.loginData.validUser.name);",
                  "err": {},
                  "uuid": "0fd5b2f2-535e-4c16-885e-b49810425451",
                  "parentUUID": "d5c7c899-0442-4252-a66f-073e6085ded7",
                  "isHook": false,
                  "skipped": false
                }
              ],
              "suites": [],
              "passes": [
                "01a1a9b4-52a1-4f43-a374-6cce98c3fe6d",
                "34791302-d4f7-445f-a583-35bb1eb0d86c",
                "0fd5b2f2-535e-4c16-885e-b49810425451"
              ],
              "failures": [],
              "pending": [],
              "skipped": [],
              "duration": 3034,
              "root": false,
              "rootEmpty": false,
              "_timeout": 2000
            },
            {
              "uuid": "4ffc0bf1-4e1e-425f-b65d-3f67012eed5c",
              "title": "Invalid Login",
              "fullFile": "",
              "file": "",
              "beforeHooks": [],
              "afterHooks": [],
              "tests": [
                {
                  "title": "should show error for Invalid email",
                  "fullTitle": "Login Page Invalid Login should show error for Invalid email",
                  "timedOut": null,
                  "duration": 1050,
                  "state": "passed",
                  "speed": "fast",
                  "pass": true,
                  "fail": false,
                  "pending": false,
                  "context": null,
                  "code": "loginPage.interceptLoginRequest().login(credential.email, credential.password);\ncy.contains('h1', 'Todo Manager').should('not.exist');\ncy.contains('button', 'Logout').should('not.exist');\ncy.contains('button', 'Add New Todo').should('not.exist');",
                  "err": {},
                  "uuid": "efb7be98-c0b6-4ab9-835f-0c8a0fe5fb0c",
                  "parentUUID": "4ffc0bf1-4e1e-425f-b65d-3f67012eed5c",
                  "isHook": false,
                  "skipped": false
                }
              ],
              "suites": [],
              "passes": [
                "efb7be98-c0b6-4ab9-835f-0c8a0fe5fb0c"
              ],
              "failures": [],
              "pending": [],
              "skipped": [],
              "duration": 1050,
              "root": false,
              "rootEmpty": false,
              "_timeout": 2000
            },
            {
              "uuid": "18974c91-e4e4-4aae-90a6-d75cf4cb96c9",
              "title": "Form Validation",
              "fullFile": "",
              "file": "",
              "beforeHooks": [],
              "afterHooks": [],
              "tests": [
                {
                  "title": "should enable login button when form has data",
                  "fullTitle": "Login Page Form Validation should enable login button when form has data",
                  "timedOut": null,
                  "duration": 845,
                  "state": "passed",
                  "speed": "fast",
                  "pass": true,
                  "fail": false,
                  "pending": false,
                  "context": null,
                  "code": "loginPage.typeEmail(_loginData.loginData.validUser.email).typePassword(_loginData.loginData.validUser.password).shouldHaveEnabledLoginButton();",
                  "err": {},
                  "uuid": "3759c317-3548-4e38-83af-f066a209ca14",
                  "parentUUID": "18974c91-e4e4-4aae-90a6-d75cf4cb96c9",
                  "isHook": false,
                  "skipped": false
                },
                {
                  "title": "should enable login button when form has data",
                  "fullTitle": "Login Page Form Validation should enable login button when form has data",
                  "timedOut": null,
                  "duration": 865,
                  "state": "passed",
                  "speed": "fast",
                  "pass": true,
                  "fail": false,
                  "pending": false,
                  "context": null,
                  "code": "loginPage.typeEmail(_loginData.loginData.validUser.email).typePassword(_loginData.loginData.validUser.password).shouldHaveEnabledLoginButton();",
                  "err": {},
                  "uuid": "9fc8366f-c67b-4b05-9337-ccf367a756f6",
                  "parentUUID": "18974c91-e4e4-4aae-90a6-d75cf4cb96c9",
                  "isHook": false,
                  "skipped": false
                },
                {
                  "title": "should enable login button when form has data",
                  "fullTitle": "Login Page Form Validation should enable login button when form has data",
                  "timedOut": null,
                  "duration": 1088,
                  "state": "passed",
                  "speed": "fast",
                  "pass": true,
                  "fail": false,
                  "pending": false,
                  "context": null,
                  "code": "loginPage.typeEmail(_loginData.loginData.validUser.email).typePassword(_loginData.loginData.validUser.password).shouldHaveEnabledLoginButton();",
                  "err": {},
                  "uuid": "947a982b-fa1a-48ab-9c42-b0e9ef00ba31",
                  "parentUUID": "18974c91-e4e4-4aae-90a6-d75cf4cb96c9",
                  "isHook": false,
                  "skipped": false
                }
              ],
              "suites": [],
              "passes": [
                "3759c317-3548-4e38-83af-f066a209ca14",
                "9fc8366f-c67b-4b05-9337-ccf367a756f6",
                "947a982b-fa1a-48ab-9c42-b0e9ef00ba31"
              ],
              "failures": [],
              "pending": [],
              "skipped": [],
              "duration": 2798,
              "root": false,
              "rootEmpty": false,
              "_timeout": 2000
            },
            {
              "uuid": "31def65c-df6e-4f51-8ae4-658629bdf70a",
              "title": "User Experience",
              "fullFile": "",
              "file": "",
              "beforeHooks": [],
              "afterHooks": [],
              "tests": [
                {
                  "title": "should allow form submission with Enter key",
                  "fullTitle": "Login Page User Experience should allow form submission with Enter key",
                  "timedOut": null,
                  "duration": 1129,
                  "state": "passed",
                  "speed": "fast",
                  "pass": true,
                  "fail": false,
                  "pending": false,
                  "context": null,
                  "code": "loginPage.typeEmail(_loginData.loginData.validUser.email).typePassword(_loginData.loginData.validUser.password).submitForm().shouldBeLoggedIn();",
                  "err": {},
                  "uuid": "d48b934f-261f-4a73-9153-3006b763f2d9",
                  "parentUUID": "31def65c-df6e-4f51-8ae4-658629bdf70a",
                  "isHook": false,
                  "skipped": false
                }
              ],
              "suites": [],
              "passes": [
                "d48b934f-261f-4a73-9153-3006b763f2d9"
              ],
              "failures": [],
              "pending": [],
              "skipped": [],
              "duration": 1129,
              "root": false,
              "rootEmpty": false,
              "_timeout": 2000
            },
            {
              "uuid": "29bfff0e-b16e-4adc-bfa3-2db875cc22d1",
              "title": "Security",
              "fullFile": "",
              "file": "",
              "beforeHooks": [],
              "afterHooks": [],
              "tests": [
                {
                  "title": "should not expose password in URL or page source",
                  "fullTitle": "Login Page Security should not expose password in URL or page source",
                  "timedOut": null,
                  "duration": 648,
                  "state": "passed",
                  "speed": "fast",
                  "pass": true,
                  "fail": false,
                  "pending": false,
                  "context": null,
                  "code": "loginPage.typePassword('secretpassword').clickLogin();\ncy.url().should('not.contain', 'secretpassword');\ncy.get('body').should('not.contain', 'secretpassword');",
                  "err": {},
                  "uuid": "a8e21a0f-799f-407b-aa77-c27b405432e2",
                  "parentUUID": "29bfff0e-b16e-4adc-bfa3-2db875cc22d1",
                  "isHook": false,
                  "skipped": false
                }
              ],
              "suites": [],
              "passes": [
                "a8e21a0f-799f-407b-aa77-c27b405432e2"
              ],
              "failures": [],
              "pending": [],
              "skipped": [],
              "duration": 648,
              "root": false,
              "rootEmpty": false,
              "_timeout": 2000
            },
            {
              "uuid": "3a608354-e7de-4dc3-baf3-7cf92f99aa19",
              "title": "Cross-browser Compatibility",
              "fullFile": "",
              "file": "",
              "beforeHooks": [],
              "afterHooks": [],
              "tests": [
                {
                  "title": "should work with different viewport sizes",
                  "fullTitle": "Login Page Cross-browser Compatibility should work with different viewport sizes",
                  "timedOut": null,
                  "duration": 3040,
                  "state": "passed",
                  "speed": "fast",
                  "pass": true,
                  "fail": false,
                  "pending": false,
                  "context": null,
                  "code": "// Test mobile viewport\ncy.viewport(375, 667);\nloginPage.shouldBeOnLoginPage().login(_loginData.loginData.validUser.email, _loginData.loginData.validUser.password).shouldBeLoggedIn();\n// Test tablet viewport\ncy.viewport(768, 1024);\nloginPage.visit();\nloginPage.shouldBeOnLoginPage().login(_loginData.loginData.validUser.email, _loginData.loginData.validUser.password).shouldBeLoggedIn();\n// Test desktop viewport\ncy.viewport(1280, 720);\nloginPage.visit();\nloginPage.shouldBeOnLoginPage().login(_loginData.loginData.validUser.email, _loginData.loginData.validUser.password).shouldBeLoggedIn();",
                  "err": {},
                  "uuid": "566541f5-f58e-451e-ad74-f5307ff2e7a8",
                  "parentUUID": "3a608354-e7de-4dc3-baf3-7cf92f99aa19",
                  "isHook": false,
                  "skipped": false
                }
              ],
              "suites": [],
              "passes": [
                "566541f5-f58e-451e-ad74-f5307ff2e7a8"
              ],
              "failures": [],
              "pending": [],
              "skipped": [],
              "duration": 3040,
              "root": false,
              "rootEmpty": false,
              "_timeout": 2000
            }
          ],
          "passes": [],
          "failures": [],
          "pending": [],
          "skipped": [],
          "duration": 0,
          "root": false,
          "rootEmpty": false,
          "_timeout": 2000
        }
      ],
      "passes": [],
      "failures": [],
      "pending": [],
      "skipped": [],
      "duration": 0,
      "root": true,
      "rootEmpty": true,
      "_timeout": 2000
    },
    {
      "uuid": "345cf1bb-1fb2-4883-9ad7-54ee52aee3d2",
      "title": "",
      "fullFile": "cypress/e2e/todo/Todo.cy.js",
      "file": "cypress/e2e/todo/Todo.cy.js",
      "beforeHooks": [],
      "afterHooks": [],
      "tests": [],
      "suites": [
        {
          "uuid": "ba9161f8-a5c0-4ab2-893a-b7936f5e90b9",
          "title": "Todo Management",
          "fullFile": "",
          "file": "",
          "beforeHooks": [],
          "afterHooks": [],
          "tests": [],
          "suites": [
            {
              "uuid": "453fd409-2c3e-4fbc-bf91-9a0547192454",
              "title": "Dashboard Load",
              "fullFile": "",
              "file": "",
              "beforeHooks": [],
              "afterHooks": [],
              "tests": [
                {
                  "title": "should load dashboard correctly",
                  "fullTitle": "Todo Management Dashboard Load should load dashboard correctly",
                  "timedOut": null,
                  "duration": 1692,
                  "state": "passed",
                  "speed": "fast",
                  "pass": true,
                  "fail": false,
                  "pending": false,
                  "context": null,
                  "code": "todoPage.shouldBeOnDashboard();",
                  "err": {},
                  "uuid": "c9c3dab4-3421-4ac6-b108-b89f0299be2f",
                  "parentUUID": "453fd409-2c3e-4fbc-bf91-9a0547192454",
                  "isHook": false,
                  "skipped": false
                },
                {
                  "title": "should show user welcome message",
                  "fullTitle": "Todo Management Dashboard Load should show user welcome message",
                  "timedOut": null,
                  "duration": 811,
                  "state": "passed",
                  "speed": "fast",
                  "pass": true,
                  "fail": false,
                  "pending": false,
                  "context": null,
                  "code": "todoPage.elements.userWelcome().should('contain', 'Demo User');",
                  "err": {},
                  "uuid": "48efa2a9-4816-450c-8ea8-883037a6912f",
                  "parentUUID": "453fd409-2c3e-4fbc-bf91-9a0547192454",
                  "isHook": false,
                  "skipped": false
                },
                {
                  "title": "should have proper navigation elements",
                  "fullTitle": "Todo Management Dashboard Load should have proper navigation elements",
                  "timedOut": null,
                  "duration": 814,
                  "state": "passed",
                  "speed": "fast",
                  "pass": true,
                  "fail": false,
                  "pending": false,
                  "context": null,
                  "code": "todoPage.elements.addTodoButton().should('be.visible');\ntodoPage.elements.logoutButton().should('be.visible');",
                  "err": {},
                  "uuid": "7cc198e2-2ab2-4c23-af77-9da183587d02",
                  "parentUUID": "453fd409-2c3e-4fbc-bf91-9a0547192454",
                  "isHook": false,
                  "skipped": false
                }
              ],
              "suites": [],
              "passes": [
                "c9c3dab4-3421-4ac6-b108-b89f0299be2f",
                "48efa2a9-4816-450c-8ea8-883037a6912f",
                "7cc198e2-2ab2-4c23-af77-9da183587d02"
              ],
              "failures": [],
              "pending": [],
              "skipped": [],
              "duration": 3317,
              "root": false,
              "rootEmpty": false,
              "_timeout": 2000
            },
            {
              "uuid": "ac3b48fc-1fca-4cfe-9a50-d71b8b3aa313",
              "title": "Create Todo",
              "fullFile": "",
              "file": "",
              "beforeHooks": [],
              "afterHooks": [],
              "tests": [
                {
                  "title": "should create a new todo with title and description",
                  "fullTitle": "Todo Management Create Todo should create a new todo with title and description",
                  "timedOut": null,
                  "duration": 4103,
                  "state": "passed",
                  "speed": "fast",
                  "pass": true,
                  "fail": false,
                  "pending": false,
                  "context": null,
                  "code": "const todo = _todoData.todoData.newTodos[0];\ntodoPage.interceptTodoRequests().createTodo(todo.title, todo.description).waitForCreateTodo().shouldShowTodo(todo.title).shouldShowTodoDescription(todo.title, todo.description);",
                  "err": {},
                  "uuid": "545bf660-52c0-485c-a08d-4949c79be990",
                  "parentUUID": "ac3b48fc-1fca-4cfe-9a50-d71b8b3aa313",
                  "isHook": false,
                  "skipped": false
                },
                {
                  "title": "should create a todo with only title",
                  "fullTitle": "Todo Management Create Todo should create a todo with only title",
                  "timedOut": null,
                  "duration": 3391,
                  "state": "passed",
                  "speed": "fast",
                  "pass": true,
                  "fail": false,
                  "pending": false,
                  "context": null,
                  "code": "const todo = _todoData.todoData.newTodos[1];\ntodoPage.createTodo(todo.title).shouldShowTodo(todo.title);",
                  "err": {},
                  "uuid": "27f06d32-4876-4365-8de0-53d779824c5b",
                  "parentUUID": "ac3b48fc-1fca-4cfe-9a50-d71b8b3aa313",
                  "isHook": false,
                  "skipped": false
                },
                {
                  "title": "should cancel todo creation",
                  "fullTitle": "Todo Management Create Todo should cancel todo creation",
                  "timedOut": null,
                  "duration": 3494,
                  "state": "passed",
                  "speed": "fast",
                  "pass": true,
                  "fail": false,
                  "pending": false,
                  "context": null,
                  "code": "const todo = _todoData.todoData.newTodos[1];\ntodoPage.createTodo(todo.title, todo.description).cancelTodo();",
                  "err": {},
                  "uuid": "202bcfbb-5838-4051-9200-c8b01ae8e257",
                  "parentUUID": "ac3b48fc-1fca-4cfe-9a50-d71b8b3aa313",
                  "isHook": false,
                  "skipped": false
                }
              ],
              "suites": [],
              "passes": [
                "545bf660-52c0-485c-a08d-4949c79be990",
                "27f06d32-4876-4365-8de0-53d779824c5b",
                "202bcfbb-5838-4051-9200-c8b01ae8e257"
              ],
              "failures": [],
              "pending": [],
              "skipped": [],
              "duration": 10988,
              "root": false,
              "rootEmpty": false,
              "_timeout": 2000
            },
            {
              "uuid": "36b357bb-a5c6-40c8-8d8f-77e1025e4f7e",
              "title": "Edit Todo",
              "fullFile": "",
              "file": "",
              "beforeHooks": [],
              "afterHooks": [],
              "tests": [
                {
                  "title": "should edit todo title and description",
                  "fullTitle": "Todo Management Edit Todo should edit todo title and description",
                  "timedOut": null,
                  "duration": 4901,
                  "state": "passed",
                  "speed": "fast",
                  "pass": true,
                  "fail": false,
                  "pending": false,
                  "context": null,
                  "code": "const scenario = _todoData.todoData.updateScenarios[0];\ntodoPage.interceptTodoRequests().editTodo(scenario.original.title, scenario.updated.title, scenario.updated.description).waitForUpdateTodo().shouldShowTodo(scenario.updated.title).shouldShowTodoDescription(scenario.updated.title, scenario.updated.description);",
                  "err": {},
                  "uuid": "61b9d382-f171-46c0-b92e-f35cc6d4f577",
                  "parentUUID": "36b357bb-a5c6-40c8-8d8f-77e1025e4f7e",
                  "isHook": false,
                  "skipped": false
                },
                {
                  "title": "should cancel edit operation",
                  "fullTitle": "Todo Management Edit Todo should cancel edit operation",
                  "timedOut": null,
                  "duration": 5122,
                  "state": "passed",
                  "speed": "medium",
                  "pass": true,
                  "fail": false,
                  "pending": false,
                  "context": null,
                  "code": "todoPage.clickEditTodo('Original Todo').editTodoTitle('This should be cancelled').editTodoDescription('This should also be cancelled').cancelEdit().shouldShowTodo('Original Todo').shouldShowTodoDescription('Original Todo', 'Original description');",
                  "err": {},
                  "uuid": "e0592f45-44ee-4f62-97be-8068a5f6e95c",
                  "parentUUID": "36b357bb-a5c6-40c8-8d8f-77e1025e4f7e",
                  "isHook": false,
                  "skipped": false
                }
              ],
              "suites": [],
              "passes": [
                "61b9d382-f171-46c0-b92e-f35cc6d4f577",
                "e0592f45-44ee-4f62-97be-8068a5f6e95c"
              ],
              "failures": [],
              "pending": [],
              "skipped": [],
              "duration": 10023,
              "root": false,
              "rootEmpty": false,
              "_timeout": 2000
            },
            {
              "uuid": "07d959ea-e719-447e-a902-007c65cc86ca",
              "title": "Delete Todo",
              "fullFile": "",
              "file": "",
              "beforeHooks": [],
              "afterHooks": [],
              "tests": [
                {
                  "title": "should delete existing todo",
                  "fullTitle": "Todo Management Delete Todo should delete existing todo",
                  "timedOut": null,
                  "duration": 4012,
                  "state": "passed",
                  "speed": "fast",
                  "pass": true,
                  "fail": false,
                  "pending": false,
                  "context": null,
                  "code": "todoPage.interceptTodoRequests().deleteTodo('Todo to Delete').waitForDeleteTodo().shouldNotShowTodo('Todo to Delete').shouldNotShowError();",
                  "err": {},
                  "uuid": "af56e898-d124-4fe9-9118-84716a81cdee",
                  "parentUUID": "07d959ea-e719-447e-a902-007c65cc86ca",
                  "isHook": false,
                  "skipped": false
                }
              ],
              "suites": [],
              "passes": [
                "af56e898-d124-4fe9-9118-84716a81cdee"
              ],
              "failures": [],
              "pending": [],
              "skipped": [],
              "duration": 4012,
              "root": false,
              "rootEmpty": false,
              "_timeout": 2000
            }
          ],
          "passes": [],
          "failures": [],
          "pending": [],
          "skipped": [],
          "duration": 0,
          "root": false,
          "rootEmpty": false,
          "_timeout": 2000
        }
      ],
      "passes": [],
      "failures": [],
      "pending": [],
      "skipped": [],
      "duration": 0,
      "root": true,
      "rootEmpty": true,
      "_timeout": 2000
    }
  ],
  "meta": {
    "mocha": {
      "version": "7.0.1"
    },
    "mochawesome": {
      "options": {
        "quiet": false,
        "reportFilename": "mochawesome",
        "saveHtml": false,
        "saveJson": true,
        "consoleReporter": "spec",
        "useInlineDiffs": false,
        "code": true
      },
      "version": "7.1.3"
    },
    "marge": {
      "options": {
        "reportDir": "cypress/reports",
        "overwrite": false,
        "html": false,
        "json": true
      },
      "version": "6.2.0"
    }
  }
}